Using pre-set license
Built from '2020.2/staging' branch; Version is '2020.2.3f1 (8ff31bc5bf5b) revision 9433883'; Using compiler version '192528614'; Build Type 'Release'
OS: 'Windows 10 Pro; OS build 18363.1379; Version 1909; 64bit' Language: 'ru' Physical Memory: 16188 MB
BatchMode: 1, IsHumanControllingUs: 0, StartBugReporterOnCrash: 0, Is64bit: 1, IsPro: 0

 COMMAND LINE ARGUMENTS:
C:\Program Files\Unity\Hub\Editor\2020.2.3f1\Editor\Unity.exe
-adb2
-batchMode
-noUpm
-name
AssetImportWorker0
-projectPath
E:/GameProjects/MyGame
-logFile
Logs/AssetImportWorker0.log
-srvPort
8277
Successfully changed project path to: E:/GameProjects/MyGame
E:/GameProjects/MyGame
Using Asset Import Pipeline V2.
Refreshing native plugins compatible for Editor in 45.22 ms, found 0 plugins.
Preloading 0 native plugins for Editor in 0.00 ms.
Initialize engine version: 2020.2.3f1 (8ff31bc5bf5b)
[Subsystems] Discovering subsystems at path C:/Program Files/Unity/Hub/Editor/2020.2.3f1/Editor/Data/Resources/UnitySubsystems
[Subsystems] Discovering subsystems at path E:/GameProjects/MyGame/Assets
GfxDevice: creating device client; threaded=0
Direct3D:
    Version:  Direct3D 11.0 [level 11.1]
    Renderer: NVIDIA GeForce GTX 1660 Ti (ID=0x2191)
    Vendor:   
    VRAM:     5991 MB
    Driver:   27.21.14.6140
Initialize mono
Mono path[0] = 'C:/Program Files/Unity/Hub/Editor/2020.2.3f1/Editor/Data/Managed'
Mono path[1] = 'C:/Program Files/Unity/Hub/Editor/2020.2.3f1/Editor/Data/MonoBleedingEdge/lib/mono/unityjit'
Mono config path = 'C:/Program Files/Unity/Hub/Editor/2020.2.3f1/Editor/Data/MonoBleedingEdge/etc'
Using monoOptions --debugger-agent=transport=dt_socket,embedding=1,server=y,suspend=n,address=127.0.0.1:56000
Begin MonoManager ReloadAssembly
Registering precompiled unity dll's ...
Register platform support module: C:/Program Files/Unity/Hub/Editor/2020.2.3f1/Editor/Data/PlaybackEngines/WindowsStandaloneSupport/UnityEditor.WindowsStandalone.Extensions.dll
Registered in 0.002723 seconds.
Native extension for WindowsStandalone target not found
Refreshing native plugins compatible for Editor in 41.43 ms, found 0 plugins.
Preloading 0 native plugins for Editor in 0.00 ms.
Invoked RoslynAnalysisRunner static constructor.
RoslynAnalysisRunner will not be running.
RoslynAnalysisRunner has terminated.
Mono: successfully reloaded assembly
- Completed reload, in  2.899 seconds
Platform modules already initialized, skipping
Registering precompiled user dll's ...
Registered in 0.000858 seconds.
Begin MonoManager ReloadAssembly
Native extension for WindowsStandalone target not found
Refreshing native plugins compatible for Editor in 0.46 ms, found 0 plugins.
Preloading 0 native plugins for Editor in 0.00 ms.
Invoked RoslynAnalysisRunner static constructor.
RoslynAnalysisRunner will not be running.
RoslynAnalysisRunner has terminated.
Mono: successfully reloaded assembly
- Completed reload, in  1.107 seconds
Platform modules already initialized, skipping
========================================================================
Worker process is ready to serve import requests
Launched and connected shader compiler UnityShaderCompiler.exe after 0.08 seconds
Refreshing native plugins compatible for Editor in 0.43 ms, found 0 plugins.
Preloading 0 native plugins for Editor in 0.00 ms.
Unloading 1349 Unused Serialized files (Serialized files now loaded: 0)
System memory in use before: 67.4 MB.
System memory in use after: 67.4 MB.

Unloading 26 unused Assets to reduce memory usage. Loaded Objects now: 1781.
Total: 2.908900 ms (FindLiveObjects: 0.353100 ms CreateObjectMapping: 0.051400 ms MarkObjects: 2.388700 ms  DeleteObjects: 0.113400 ms)

========================================================================
Received Import Request.
  path: Assets/LICENSE.txt
  artifactKey: Guid(8de05350213724a62b915f22222ede83) Importer(815301076,1909f56bfc062723c751e8b465ee728b)
Start importing Assets/LICENSE.txt using Guid(8de05350213724a62b915f22222ede83) Importer(815301076,1909f56bfc062723c751e8b465ee728b)  -> (artifact id: 'ba7006e4019bbd3627a1cc99580e24e4') in 0.053011 seconds
  Import took 0.056164 seconds .

========================================================================
Received Import Request.
  Time since last request: 5.527207 seconds.
  path: Assets/Scripts/CanvasButtons.cs
  artifactKey: Guid(1091010c356985c44bc5c0b4d568f8cb) Importer(815301076,1909f56bfc062723c751e8b465ee728b)
Start importing Assets/Scripts/CanvasButtons.cs using Guid(1091010c356985c44bc5c0b4d568f8cb) Importer(815301076,1909f56bfc062723c751e8b465ee728b)  -> (artifact id: '20bd30e8192fd306cecb32066ba9900f') in 0.027923 seconds
  Import took 0.032206 seconds .

========================================================================
Received Import Request.
  Time since last request: 0.030229 seconds.
  path: Assets/Scripts/CanvasButtons.cs
  artifactKey: Guid(1091010c356985c44bc5c0b4d568f8cb) Importer(815301076,1909f56bfc062723c751e8b465ee728b)
Start importing Assets/Scripts/CanvasButtons.cs using Guid(1091010c356985c44bc5c0b4d568f8cb) Importer(815301076,1909f56bfc062723c751e8b465ee728b)  -> (artifact id: '20bd30e8192fd306cecb32066ba9900f') in 0.004913 seconds
  Import took 0.009825 seconds .

========================================================================
Received Prepare
Registering precompiled user dll's ...
Registered in 0.000807 seconds.
Begin MonoManager ReloadAssembly
Native extension for WindowsStandalone target not found
Refreshing native plugins compatible for Editor in 0.53 ms, found 0 plugins.
Preloading 0 native plugins for Editor in 0.00 ms.
Invoked RoslynAnalysisRunner static constructor.
RoslynAnalysisRunner will not be running.
RoslynAnalysisRunner has terminated.
Mono: successfully reloaded assembly
- Completed reload, in  1.101 seconds
Platform modules already initialized, skipping
Switching build target platform(5) subTarget(0) extendedPlatform(0) -> platform(13) subTarget(537395204) extendedPlatform(0)
Refreshing native plugins compatible for Editor in 0.46 ms, found 0 plugins.
Preloading 0 native plugins for Editor in 0.00 ms.
Unloading 1319 Unused Serialized files (Serialized files now loaded: 0)
System memory in use before: 64.9 MB.
System memory in use after: 65.0 MB.

Unloading 21 unused Assets to reduce memory usage. Loaded Objects now: 1783.
Total: 2.239200 ms (FindLiveObjects: 0.203600 ms CreateObjectMapping: 0.041800 ms MarkObjects: 1.913400 ms  DeleteObjects: 0.078800 ms)

AssetImportParameters requested are different than current active one (requested -> active):
  custom:graphics/normal-map-encoding: 01000000000000000000000000000000 -> 02000000000000000000000000000000
========================================================================
Received Prepare
Registering precompiled user dll's ...
Registered in 0.000855 seconds.
Begin MonoManager ReloadAssembly
Native extension for WindowsStandalone target not found
Refreshing native plugins compatible for Editor in 0.47 ms, found 0 plugins.
Preloading 0 native plugins for Editor in 0.00 ms.
Invoked RoslynAnalysisRunner static constructor.
RoslynAnalysisRunner will not be running.
RoslynAnalysisRunner has terminated.
Mono: successfully reloaded assembly
- Completed reload, in  1.079 seconds
Platform modules already initialized, skipping
Switching build target platform(5) subTarget(0) extendedPlatform(0) -> platform(13) subTarget(537395204) extendedPlatform(0)
Refreshing native plugins compatible for Editor in 0.48 ms, found 0 plugins.
Preloading 0 native plugins for Editor in 0.00 ms.
Unloading 1319 Unused Serialized files (Serialized files now loaded: 0)
System memory in use before: 65.0 MB.
System memory in use after: 65.0 MB.

Unloading 21 unused Assets to reduce memory usage. Loaded Objects now: 1785.
Total: 3.159400 ms (FindLiveObjects: 0.350900 ms CreateObjectMapping: 0.040200 ms MarkObjects: 2.686600 ms  DeleteObjects: 0.079700 ms)

AssetImportParameters requested are different than current active one (requested -> active):
  custom:graphics/normal-map-encoding: 01000000000000000000000000000000 -> 02000000000000000000000000000000
========================================================================
Received Prepare
Registering precompiled user dll's ...
Registered in 0.003085 seconds.
Begin MonoManager ReloadAssembly
Native extension for WindowsStandalone target not found
Refreshing native plugins compatible for Editor in 0.61 ms, found 0 plugins.
Preloading 0 native plugins for Editor in 0.00 ms.
Invoked RoslynAnalysisRunner static constructor.
RoslynAnalysisRunner will not be running.
RoslynAnalysisRunner has terminated.
Mono: successfully reloaded assembly
- Completed reload, in  1.142 seconds
Platform modules already initialized, skipping
Switching build target platform(5) subTarget(0) extendedPlatform(0) -> platform(13) subTarget(537395204) extendedPlatform(0)
Refreshing native plugins compatible for Editor in 0.64 ms, found 0 plugins.
Preloading 0 native plugins for Editor in 0.00 ms.
Unloading 1326 Unused Serialized files (Serialized files now loaded: 0)
System memory in use before: 65.2 MB.
System memory in use after: 65.3 MB.

Unloading 28 unused Assets to reduce memory usage. Loaded Objects now: 1800.
Total: 2.959500 ms (FindLiveObjects: 0.303000 ms CreateObjectMapping: 0.076500 ms MarkObjects: 2.475300 ms  DeleteObjects: 0.102600 ms)

AssetImportParameters requested are different than current active one (requested -> active):
  custom:graphics/normal-map-encoding: 01000000000000000000000000000000 -> 02000000000000000000000000000000
========================================================================
Received Prepare
Registering precompiled user dll's ...
Registered in 0.002930 seconds.
Begin MonoManager ReloadAssembly
Native extension for WindowsStandalone target not found
Refreshing native plugins compatible for Editor in 0.58 ms, found 0 plugins.
Preloading 0 native plugins for Editor in 0.00 ms.
Invoked RoslynAnalysisRunner static constructor.
RoslynAnalysisRunner will not be running.
RoslynAnalysisRunner has terminated.
Mono: successfully reloaded assembly
- Completed reload, in  1.174 seconds
Platform modules already initialized, skipping
Switching build target platform(5) subTarget(0) extendedPlatform(0) -> platform(13) subTarget(537395204) extendedPlatform(0)
Refreshing native plugins compatible for Editor in 0.59 ms, found 0 plugins.
Preloading 0 native plugins for Editor in 0.00 ms.
Unloading 1326 Unused Serialized files (Serialized files now loaded: 0)
System memory in use before: 65.2 MB.
System memory in use after: 65.3 MB.

Unloading 28 unused Assets to reduce memory usage. Loaded Objects now: 1802.
Total: 2.604200 ms (FindLiveObjects: 0.448200 ms CreateObjectMapping: 0.058400 ms MarkObjects: 2.013600 ms  DeleteObjects: 0.081700 ms)

AssetImportParameters requested are different than current active one (requested -> active):
  custom:graphics/normal-map-encoding: 01000000000000000000000000000000 -> 02000000000000000000000000000000
========================================================================
Received Import Request.
  Time since last request: 948.828686 seconds.
  path: Assets/UnityAds
  artifactKey: Guid(46e858ed13626499ca11826cdfc29a3f) Importer(815301076,1909f56bfc062723c751e8b465ee728b)
Start importing Assets/UnityAds using Guid(46e858ed13626499ca11826cdfc29a3f) Importer(815301076,1909f56bfc062723c751e8b465ee728b)  -> (artifact id: '60f40e84bd84c8e3e8939a828fba0584') in 0.022797 seconds
  Import took 0.027526 seconds .

========================================================================
Received Import Request.
  Time since last request: 0.006181 seconds.
  path: Assets/UnityAds
  artifactKey: Guid(46e858ed13626499ca11826cdfc29a3f) Importer(815301076,1909f56bfc062723c751e8b465ee728b)
Start importing Assets/UnityAds using Guid(46e858ed13626499ca11826cdfc29a3f) Importer(815301076,1909f56bfc062723c751e8b465ee728b)  -> (artifact id: '60f40e84bd84c8e3e8939a828fba0584') in 0.009469 seconds
  Import took 0.014313 seconds .

========================================================================
Received Import Request.
  Time since last request: 1.195393 seconds.
  path: Assets/UnityAds/UnityEngine.Monetization.iOS.dll
  artifactKey: Guid(e6a818957610d426c825f75279b3b665) Importer(815301076,1909f56bfc062723c751e8b465ee728b)
Start importing Assets/UnityAds/UnityEngine.Monetization.iOS.dll using Guid(e6a818957610d426c825f75279b3b665) Importer(815301076,1909f56bfc062723c751e8b465ee728b)  -> (artifact id: '3e44542c61dad5d37e0b423e1cc2ed0a') in 0.018125 seconds
  Import took 0.022051 seconds .

========================================================================
Received Import Request.
  Time since last request: 0.006285 seconds.
  path: Assets/UnityAds/UnityEngine.Monetization.iOS.dll
  artifactKey: Guid(e6a818957610d426c825f75279b3b665) Importer(815301076,1909f56bfc062723c751e8b465ee728b)
Start importing Assets/UnityAds/UnityEngine.Monetization.iOS.dll using Guid(e6a818957610d426c825f75279b3b665) Importer(815301076,1909f56bfc062723c751e8b465ee728b)  -> (artifact id: '3e44542c61dad5d37e0b423e1cc2ed0a') in 0.004888 seconds
  Import took 0.009453 seconds .

========================================================================
Received Import Request.
  Time since last request: 1.892786 seconds.
  path: Assets/UnityAds/UnityEngine.Monetization.Unsupported.dll
  artifactKey: Guid(0a03ddbc80219400fb5638963648dbfb) Importer(815301076,1909f56bfc062723c751e8b465ee728b)
Start importing Assets/UnityAds/UnityEngine.Monetization.Unsupported.dll using Guid(0a03ddbc80219400fb5638963648dbfb) Importer(815301076,1909f56bfc062723c751e8b465ee728b)  -> (artifact id: 'b4ae07d4c6a44f908b46c6481f7981de') in 0.016338 seconds
  Import took 0.020032 seconds .

========================================================================
Received Import Request.
  Time since last request: 0.009975 seconds.
  path: Assets/UnityAds/UnityEngine.Monetization.Unsupported.dll
  artifactKey: Guid(0a03ddbc80219400fb5638963648dbfb) Importer(815301076,1909f56bfc062723c751e8b465ee728b)
Start importing Assets/UnityAds/UnityEngine.Monetization.Unsupported.dll using Guid(0a03ddbc80219400fb5638963648dbfb) Importer(815301076,1909f56bfc062723c751e8b465ee728b)  -> (artifact id: 'b4ae07d4c6a44f908b46c6481f7981de') in 0.004728 seconds
  Import took 0.009856 seconds .

========================================================================
Received Import Request.
  Time since last request: 0.885974 seconds.
  path: Assets/UnityAds/UnityEngine.Monetization.Editor.dll
  artifactKey: Guid(359c1658193684ede8df0929bb2e12ea) Importer(815301076,1909f56bfc062723c751e8b465ee728b)
Start importing Assets/UnityAds/UnityEngine.Monetization.Editor.dll using Guid(359c1658193684ede8df0929bb2e12ea) Importer(815301076,1909f56bfc062723c751e8b465ee728b)  -> (artifact id: '01060ae15a348f5748a2f816252fc2d6') in 0.017054 seconds
  Import took 0.021961 seconds .

========================================================================
Received Import Request.
  Time since last request: 0.001839 seconds.
  path: Assets/UnityAds/UnityEngine.Monetization.Editor.dll
  artifactKey: Guid(359c1658193684ede8df0929bb2e12ea) Importer(815301076,1909f56bfc062723c751e8b465ee728b)
Start importing Assets/UnityAds/UnityEngine.Monetization.Editor.dll using Guid(359c1658193684ede8df0929bb2e12ea) Importer(815301076,1909f56bfc062723c751e8b465ee728b)  -> (artifact id: '01060ae15a348f5748a2f816252fc2d6') in 0.005420 seconds
  Import took 0.011399 seconds .

========================================================================
Received Import Request.
  Time since last request: 4.579213 seconds.
  path: Assets/UnityAds/UnityEngine.Monetization.Android.dll
  artifactKey: Guid(fac2c311cb89d4bfeafd9d2e6b5bfa39) Importer(815301076,1909f56bfc062723c751e8b465ee728b)
Start importing Assets/UnityAds/UnityEngine.Monetization.Android.dll using Guid(fac2c311cb89d4bfeafd9d2e6b5bfa39) Importer(815301076,1909f56bfc062723c751e8b465ee728b)  -> (artifact id: '1b2da2f3a06c856be4d067d534089332') in 0.016094 seconds
  Import took 0.021073 seconds .

========================================================================
Received Prepare
Registering precompiled user dll's ...
Registered in 0.000808 seconds.
Begin MonoManager ReloadAssembly
Native extension for WindowsStandalone target not found
Refreshing native plugins compatible for Editor in 0.57 ms, found 0 plugins.
Preloading 0 native plugins for Editor in 0.00 ms.
Invoked RoslynAnalysisRunner static constructor.
RoslynAnalysisRunner will not be running.
RoslynAnalysisRunner has terminated.
Mono: successfully reloaded assembly
- Completed reload, in  1.094 seconds
Platform modules already initialized, skipping
Switching build target platform(5) subTarget(0) extendedPlatform(0) -> platform(13) subTarget(537395204) extendedPlatform(0)
Refreshing native plugins compatible for Editor in 0.49 ms, found 0 plugins.
Preloading 0 native plugins for Editor in 0.00 ms.
Unloading 1319 Unused Serialized files (Serialized files now loaded: 0)
System memory in use before: 65.0 MB.
System memory in use after: 65.1 MB.

Unloading 34 unused Assets to reduce memory usage. Loaded Objects now: 1791.
Total: 2.143400 ms (FindLiveObjects: 0.188200 ms CreateObjectMapping: 0.035300 ms MarkObjects: 1.833000 ms  DeleteObjects: 0.085600 ms)

AssetImportParameters requested are different than current active one (requested -> active):
  custom:graphics/normal-map-encoding: 01000000000000000000000000000000 -> 02000000000000000000000000000000
========================================================================
Received Prepare
Refreshing native plugins compatible for Editor in 4.66 ms, found 0 plugins.
Preloading 0 native plugins for Editor in 0.00 ms.
Unloading 19 Unused Serialized files (Serialized files now loaded: 0)
System memory in use before: 39.5 MB.
System memory in use after: 39.6 MB.

Unloading 19 unused Assets to reduce memory usage. Loaded Objects now: 1791.
Total: 3.029700 ms (FindLiveObjects: 0.381600 ms CreateObjectMapping: 0.101000 ms MarkObjects: 2.463700 ms  DeleteObjects: 0.080600 ms)

AssetImportWorkerClient::OnTransportError - code=2 error=End of file
